1576548308.416000 client started (19777): version 3.0a, socket /private/tmp/tmux-501/default, protocol 8
1576548308.416063 on Darwin 19.2.0 Darwin Kernel Version 19.2.0: Sat Nov  9 03:47:04 PST 2019; root:xnu-6153.61.1~20/RELEASE_X86_64; libevent 2.1.11-stable (select)
1576548308.416117 socket is /private/tmp/tmux-501/default
1576548308.416143 trying connect
1576548308.416244 add peer 0x100ca2000: 6 (0x0)
1576548308.417516 sending message 100 to peer 0x100ca2000 (4 bytes)
1576548308.417540 sending message 101 to peer 0x100ca2000 (16 bytes)
1576548308.417551 sending message 102 to peer 0x100ca2000 (13 bytes)
1576548308.417560 sending message 108 to peer 0x100ca2000 (28 bytes)
1576548308.417580 sending message 104 to peer 0x100ca2000 (0 bytes)
1576548308.417589 sending message 107 to peer 0x100ca2000 (4 bytes)
1576548308.417598 sending message 105 to peer 0x100ca2000 (15 bytes)
1576548308.417606 sending message 105 to peer 0x100ca2000 (20 bytes)
1576548308.417615 sending message 105 to peer 0x100ca2000 (24 bytes)
1576548308.417623 sending message 105 to peer 0x100ca2000 (31 bytes)
1576548308.417632 sending message 105 to peer 0x100ca2000 (61 bytes)
1576548308.417640 sending message 105 to peer 0x100ca2000 (17 bytes)
1576548308.417649 sending message 105 to peer 0x100ca2000 (21 bytes)
1576548308.417657 sending message 105 to peer 0x100ca2000 (19 bytes)
1576548308.417665 sending message 105 to peer 0x100ca2000 (31 bytes)
1576548308.417674 sending message 105 to peer 0x100ca2000 (8 bytes)
1576548308.417682 sending message 105 to peer 0x100ca2000 (20 bytes)
1576548308.417691 sending message 105 to peer 0x100ca2000 (32 bytes)
1576548308.417699 sending message 105 to peer 0x100ca2000 (86 bytes)
1576548308.417708 sending message 105 to peer 0x100ca2000 (141 bytes)
1576548308.417716 sending message 105 to peer 0x100ca2000 (78 bytes)
1576548308.417724 sending message 105 to peer 0x100ca2000 (32 bytes)
1576548308.417733 sending message 105 to peer 0x100ca2000 (35 bytes)
1576548308.417741 sending message 105 to peer 0x100ca2000 (11 bytes)
1576548308.417750 sending message 105 to peer 0x100ca2000 (326 bytes)
1576548308.417758 sending message 105 to peer 0x100ca2000 (6 bytes)
1576548308.417767 sending message 105 to peer 0x100ca2000 (32 bytes)
1576548308.417775 sending message 105 to peer 0x100ca2000 (15 bytes)
1576548308.417784 sending message 105 to peer 0x100ca2000 (8 bytes)
1576548308.417792 sending message 105 to peer 0x100ca2000 (66 bytes)
1576548308.417800 sending message 105 to peer 0x100ca2000 (21 bytes)
1576548308.417809 sending message 105 to peer 0x100ca2000 (23 bytes)
1576548308.417817 sending message 105 to peer 0x100ca2000 (32 bytes)
1576548308.417825 sending message 105 to peer 0x100ca2000 (60 bytes)
1576548308.417834 sending message 105 to peer 0x100ca2000 (57 bytes)
1576548308.417842 sending message 105 to peer 0x100ca2000 (42 bytes)
1576548308.417851 sending message 105 to peer 0x100ca2000 (13 bytes)
1576548308.417859 sending message 105 to peer 0x100ca2000 (59 bytes)
1576548308.417867 sending message 105 to peer 0x100ca2000 (17 bytes)
1576548308.417876 sending message 105 to peer 0x100ca2000 (12 bytes)
1576548308.417884 sending message 105 to peer 0x100ca2000 (14 bytes)
1576548308.417893 sending message 105 to peer 0x100ca2000 (19 bytes)
1576548308.417901 sending message 105 to peer 0x100ca2000 (34 bytes)
1576548308.417909 sending message 105 to peer 0x100ca2000 (39 bytes)
1576548308.417918 sending message 105 to peer 0x100ca2000 (84 bytes)
1576548308.417926 sending message 105 to peer 0x100ca2000 (22 bytes)
1576548308.417934 sending message 106 to peer 0x100ca2000 (0 bytes)
1576548308.417946 sending message 200 to peer 0x100ca2000 (4 bytes)
1576548308.417955 client loop enter
1576548308.418266 peer 0x100ca2000 message 211
1576548308.418289 client_write: sessions should be nested with care, unset $TMUX to force\n
1576548308.418315 peer 0x100ca2000 message 203
1576548308.418326 client loop exit
